e:\lab_5\plugin2\release\vc140.pdb
e:\lab_5\plugin2\release\plugin.obj
e:\lab_5\mainprogram\plugins\plugin2.dll
e:\lab_5\mainprogram\plugins\plugin2.ipdb
e:\lab_5\mainprogram\plugins\plugin2.iobj
e:\lab_5\mainprogram\plugins\plugin2.pdb
e:\lab_5\mainprogram\plugins\plugin2.lib
e:\lab_5\mainprogram\plugins\plugin2.exp
e:\lab_5\plugin2\release\plugin2.res
e:\lab_5\plugin2\..\mainprogram\plugins\plugin2.dll
e:\lab_5\plugin2\release\plugin2.tlog\cl.command.1.tlog
e:\lab_5\plugin2\release\plugin2.tlog\cl.read.1.tlog
e:\lab_5\plugin2\release\plugin2.tlog\cl.write.1.tlog
e:\lab_5\plugin2\release\plugin2.tlog\link.command.1.tlog
e:\lab_5\plugin2\release\plugin2.tlog\link.read.1.tlog
e:\lab_5\plugin2\release\plugin2.tlog\link.write.1.tlog
e:\lab_5\plugin2\release\plugin2.tlog\plugin2.write.1u.tlog
e:\lab_5\plugin2\release\plugin2.tlog\rc.command.1.tlog
e:\lab_5\plugin2\release\plugin2.tlog\rc.read.1.tlog
e:\lab_5\plugin2\release\plugin2.tlog\rc.write.1.tlog
