e:\lab_5\functional\release\vc140.pdb
e:\lab_5\functional\release\functional.obj
e:\lab_5\mainprogram\functional.lib
e:\lab_5\mainprogram\functional.exp
e:\lab_5\mainprogram\functional.dll
e:\lab_5\mainprogram\functional.ipdb
e:\lab_5\mainprogram\functional.iobj
e:\lab_5\mainprogram\functional.pdb
e:\lab_5\functional\release\functional.res
e:\lab_5\functional\..\mainprogram\functional.dll
e:\lab_5\functional\release\functional.tlog\cl.command.1.tlog
e:\lab_5\functional\release\functional.tlog\cl.read.1.tlog
e:\lab_5\functional\release\functional.tlog\cl.write.1.tlog
e:\lab_5\functional\release\functional.tlog\functional.write.1u.tlog
e:\lab_5\functional\release\functional.tlog\link.command.1.tlog
e:\lab_5\functional\release\functional.tlog\link.read.1.tlog
e:\lab_5\functional\release\functional.tlog\link.write.1.tlog
e:\lab_5\functional\release\functional.tlog\rc.command.1.tlog
e:\lab_5\functional\release\functional.tlog\rc.read.1.tlog
e:\lab_5\functional\release\functional.tlog\rc.write.1.tlog
