e:\lab_5\plugin1\release\vc140.pdb
e:\lab_5\plugin1\release\plugin.obj
e:\lab_5\mainprogram\plugins\plugin1.dll
e:\lab_5\mainprogram\plugins\plugin1.ipdb
e:\lab_5\mainprogram\plugins\plugin1.iobj
e:\lab_5\mainprogram\plugins\plugin1.pdb
e:\lab_5\mainprogram\plugins\plugin1.lib
e:\lab_5\mainprogram\plugins\plugin1.exp
e:\lab_5\plugin1\release\plugin1.res
e:\lab_5\plugin1\..\mainprogram\plugins\plugin1.dll
e:\lab_5\plugin1\release\plugin1.tlog\cl.command.1.tlog
e:\lab_5\plugin1\release\plugin1.tlog\cl.read.1.tlog
e:\lab_5\plugin1\release\plugin1.tlog\cl.write.1.tlog
e:\lab_5\plugin1\release\plugin1.tlog\link.command.1.tlog
e:\lab_5\plugin1\release\plugin1.tlog\link.read.1.tlog
e:\lab_5\plugin1\release\plugin1.tlog\link.write.1.tlog
e:\lab_5\plugin1\release\plugin1.tlog\plugin1.write.1u.tlog
e:\lab_5\plugin1\release\plugin1.tlog\rc.command.1.tlog
e:\lab_5\plugin1\release\plugin1.tlog\rc.read.1.tlog
e:\lab_5\plugin1\release\plugin1.tlog\rc.write.1.tlog
